[INFO] Scanning for projects...
[INFO] 
[INFO] --------------------------< com.aab:homehub >---------------------------
[INFO] Building  0.0.1-SNAPSHOT
[INFO]   from pom.xml
[INFO] --------------------------------[ jar ]---------------------------------
[INFO] 
[INFO] >>> spring-boot:4.0.5:run (default-cli) > test-compile @ homehub >>>
[INFO] 
[INFO] --- resources:3.3.1:resources (default-resources) @ homehub ---
[INFO] Copying 1 resource from src/main/resources to target/classes
[INFO] Copying 0 resource from src/main/resources to target/classes
[INFO] 
[INFO] --- compiler:3.11.0:compile (default-compile) @ homehub ---
[INFO] Nothing to compile - all classes are up to date
[INFO] 
[INFO] --- resources:3.3.1:testResources (default-testResources) @ homehub ---
[INFO] skip non existing resourceDirectory /Users/abhi/Documents/codebase/homehub/backend/src/test/resources
[INFO] 
[INFO] --- compiler:3.11.0:testCompile (default-testCompile) @ homehub ---
[INFO] Changes detected - recompiling the module! :source
[INFO] Compiling 2 source files with javac [debug release 21] to target/test-classes
[INFO] -------------------------------------------------------------
[ERROR] COMPILATION ERROR : 
[INFO] -------------------------------------------------------------
[ERROR] /Users/abhi/Documents/codebase/homehub/backend/src/test/java/com/aab/homehub/auth/AuthRegisterSecurityTest.java:[7,63] package org.springframework.boot.test.autoconfigure.web.servlet does not exist
[ERROR] /Users/abhi/Documents/codebase/homehub/backend/src/test/java/com/aab/homehub/auth/AuthRegisterSecurityTest.java:[17,2] cannot find symbol
  symbol: class AutoConfigureMockMvc
[INFO] 2 errors 
[INFO] -------------------------------------------------------------
[INFO] ------------------------------------------------------------------------
[INFO] BUILD FAILURE
[INFO] ------------------------------------------------------------------------
[INFO] Total time:  1.971 s
[INFO] Finished at: 2026-06-02T21:54:45+02:00
[INFO] ------------------------------------------------------------------------
[ERROR] Failed to execute goal org.apache.maven.plugins:maven-compiler-plugin:3.11.0:testCompile (default-testCompile) on project homehub: Compilation failure: Compilation failure: 
[ERROR] /Users/abhi/Documents/codebase/homehub/backend/src/test/java/com/aab/homehub/auth/AuthRegisterSecurityTest.java:[7,63] package org.springframework.boot.test.autoconfigure.web.servlet does not exist
[ERROR] /Users/abhi/Documents/codebase/homehub/backend/src/test/java/com/aab/homehub/auth/AuthRegisterSecurityTest.java:[17,2] cannot find symbol
[ERROR]   symbol: class AutoConfigureMockMvc
[ERROR] -> [Help 1]
[ERROR] 
[ERROR] To see the full stack trace of the errors, re-run Maven with the -e switch.
[ERROR] Re-run Maven using the -X switch to enable full debug logging.
[ERROR] 
[ERROR] For more information about the errors and possible solutions, please read the following articles:
[ERROR] [Help 1] http://cwiki.apache.org/confluence/display/MAVEN/MojoFailureException
